{
  "RSpec": {
    "coverage": {
      "/Users/rebeccamulugeta/Projects/bank_tech_test/spec/account_spec.rb": [
        1,
        null,
        1,
        2,
        6,
        2,
        null,
        1,
        1,
        1,
        1,
        null,
        null,
        1,
        1,
        2,
        null,
        1,
        1,
        1,
        null,
        null,
        null,
        1,
        1,
        1,
        1,
        2,
        null,
        null,
        1,
        1,
        1,
        1,
        null,
        null,
        null,
        1,
        1,
        1,
        1,
        null,
        1,
        1,
        1,
        1,
        1,
        null,
        null,
        null
      ],
      "/Users/rebeccamulugeta/Projects/bank_tech_test/lib/account.rb": [
        null,
        1,
        1,
        null,
        1,
        9,
        9,
        9,
        null,
        null,
        1,
        7,
        null,
        6,
        6,
        null,
        null,
        null,
        null,
        null,
        null,
        1,
        3,
        null,
        2,
        2,
        null,
        null,
        null,
        null,
        null,
        null,
        1,
        2,
        null,
        null
      ],
      "/Users/rebeccamulugeta/Projects/bank_tech_test/spec/features/client_open_account_spec.rb": [
        1,
        1,
        1,
        null,
        null,
        2,
        null,
        1,
        1,
        4,
        null,
        1,
        1,
        1,
        1,
        1,
        1,
        1,
        null,
        null
      ],
      "/Users/rebeccamulugeta/Projects/bank_tech_test/lib/statement.rb": [
        1,
        1,
        null,
        null,
        1,
        1,
        4,
        null,
        null,
        null,
        null,
        null,
        null,
        7,
        null,
        null,
        null,
        1,
        4,
        null,
        null,
        1,
        21,
        null,
        null
      ],
      "/Users/rebeccamulugeta/Projects/bank_tech_test/lib/transaction.rb": [
        1,
        1,
        9,
        9,
        9,
        9,
        null,
        null,
        1,
        9,
        null,
        null,
        null,
        null,
        null
      ],
      "/Users/rebeccamulugeta/Projects/bank_tech_test/lib/transaction_history.rb": [
        null,
        1,
        1,
        null,
        1,
        10,
        10,
        null,
        null,
        null,
        null,
        null,
        null,
        null,
        null,
        null,
        null,
        null,
        1,
        9,
        null,
        null,
        null,
        null,
        9,
        null,
        null
      ],
      "/Users/rebeccamulugeta/Projects/bank_tech_test/spec/statement_spec.rb": [
        1,
        null,
        1,
        1,
        1,
        1,
        1,
        null,
        null,
        1,
        1,
        1,
        1,
        null,
        null
      ],
      "/Users/rebeccamulugeta/Projects/bank_tech_test/spec/transaction_history_spec.rb": [
        1,
        null,
        1,
        3,
        3,
        1,
        1,
        null,
        null,
        1,
        1,
        1,
        null,
        null
      ],
      "/Users/rebeccamulugeta/Projects/bank_tech_test/spec/transaction_spec.rb": [
        1,
        null,
        1,
        2,
        1,
        1,
        1,
        1,
        null,
        null
      ]
    },
    "timestamp": 1548812710
  }
}
