{
  "RSpec": {
    "coverage": {
      "/Users/rebeccamulugeta/Projects/bank_tech_test/spec/account_spec.rb": [
        1,
        null,
        1,
        2,
        6,
        2,
        null,
        1,
        1,
        1,
        1,
        null,
        null,
        1,
        1,
        2,
        null,
        1,
        1,
        1,
        null,
        null,
        null,
        1,
        1,
        1,
        1,
        2,
        null,
        null,
        1,
        1,
        1,
        1,
        null,
        null,
        null,
        1,
        1,
        1,
        1,
        null,
        1,
        1,
        1,
        1,
        1,
        null,
        null,
        null
      ],
      "/Users/rebeccamulugeta/Projects/bank_tech_test/lib/account.rb": [
        null,
        1,
        1,
        null,
        1,
        7,
        7,
        7,
        null,
        null,
        1,
        4,
        null,
        3,
        3,
        null,
        null,
        null,
        null,
        null,
        null,
        1,
        2,
        null,
        1,
        1,
        null,
        null,
        null,
        null,
        null,
        null,
        1,
        1,
        null,
        null
      ],
      "/Users/rebeccamulugeta/Projects/bank_tech_test/spec/statement_spec.rb": [
        1,
        null,
        1,
        1,
        1,
        1,
        1,
        null,
        null,
        1,
        1,
        1,
        1,
        null,
        null
      ],
      "/Users/rebeccamulugeta/Projects/bank_tech_test/lib/statement.rb": [
        1,
        null,
        null,
        1,
        1,
        3,
        null,
        null,
        null,
        null,
        null,
        null,
        4,
        null,
        null,
        null,
        1,
        3,
        null,
        null,
        1,
        12,
        null,
        null
      ],
      "/Users/rebeccamulugeta/Projects/bank_tech_test/lib/transaction.rb": [
        1,
        1,
        5,
        5,
        5,
        5,
        null,
        null,
        1,
        5,
        null,
        null,
        null,
        null,
        null
      ],
      "/Users/rebeccamulugeta/Projects/bank_tech_test/spec/transaction_history_spec.rb": [
        1,
        null,
        1,
        3,
        3,
        1,
        1,
        null,
        null,
        1,
        1,
        1,
        null,
        null
      ],
      "/Users/rebeccamulugeta/Projects/bank_tech_test/lib/transaction_history.rb": [
        null,
        1,
        1,
        null,
        1,
        8,
        8,
        null,
        null,
        null,
        null,
        null,
        null,
        null,
        null,
        null,
        null,
        null,
        1,
        5,
        null,
        null,
        null,
        null,
        5,
        null,
        null
      ],
      "/Users/rebeccamulugeta/Projects/bank_tech_test/spec/transaction_spec.rb": [
        1,
        null,
        1,
        2,
        1,
        1,
        1,
        1,
        null,
        null
      ]
    },
    "timestamp": 1548800803
  }
}
